2024-11-01 14:01:57,536 - Kết quả kiểm định tính dừng:
2024-11-01 14:01:57,536 - ADF Statistic: -8.877553258384136, p-value: 1.3451218329750162e-14
2024-11-01 14:01:57,537 - KPSS Statistic: 1.253054251563682, p-value: 0.01
2024-11-01 14:19:37,502 - Đã lưu model tại: ./results\best_arima_model.pkl
2024-11-01 14:19:37,507 - AIC: 142.96573854399804
2024-11-01 14:19:37,508 - BIC: 167.89050996110674
2024-11-01 14:21:42,960 - 
Thông tin mô hình ARIMA:
2024-11-01 14:21:42,971 -                                SARIMAX Results                                
==============================================================================
Dep. Variable:                      y   No. Observations:                 1388
Model:                 ARIMA(1, 0, 2)   Log Likelihood                -322.356
Date:                Fri, 01 Nov 2024   AIC                            654.712
Time:                        14:21:42   BIC                            680.890
Sample:                             0   HQIC                           664.502
                               - 1388                                         
Covariance Type:                  opg                                         
==============================================================================
                 coef    std err          z      P>|z|      [0.025      0.975]
------------------------------------------------------------------------------
const          1.8069      0.273      6.608      0.000       1.271       2.343
ar.L1          0.9230      0.008    113.693      0.000       0.907       0.939
ma.L1          0.5853      0.015     38.382      0.000       0.555       0.615
ma.L2          0.2050      0.013     15.783      0.000       0.180       0.230
sigma2         0.0929      0.002     56.045      0.000       0.090       0.096
===================================================================================
Ljung-Box (L1) (Q):                   0.45   Jarque-Bera (JB):              4458.90
Prob(Q):                              0.50   Prob(JB):                         0.00
Heteroskedasticity (H):               0.90   Skew:                             0.45
Prob(H) (two-sided):                  0.26   Kurtosis:                        11.73
===================================================================================

Warnings:
[1] Covariance matrix calculated using the outer product of gradients (complex-step).
2024-11-01 14:21:42,980 - 
Metrics trên tập train:
