2024-11-02 05:43:17,662 - Kết quả kiểm định tính dừng:
2024-11-02 05:43:17,662 - ADF Statistic: -8.877553258384136, p-value: 1.3451218329750162e-14
2024-11-02 05:43:17,663 - KPSS Statistic: 1.253054251563682, p-value: 0.01
2024-11-02 05:43:28,438 - Đã load model được train vào: 2024-11-01 14:19:35
2024-11-02 05:43:28,439 - AIC: 142.96573854399804
2024-11-02 05:43:28,440 - BIC: 167.89050996110674
2024-11-02 05:45:09,028 - 
Metrics trên tập train:
2024-11-02 05:45:09,028 - RMSE: 0.3018
2024-11-02 05:45:09,029 - MAE: 0.1855
2024-11-02 05:45:09,030 - MAPE: inf%
2024-11-02 05:45:09,040 - 
Metrics trên tập test:
2024-11-02 05:45:09,041 - RMSE: 0.3141
2024-11-02 05:45:09,041 - MAE: 0.1794
2024-11-02 05:45:09,041 - MAPE: 6.5218%
2024-11-02 05:45:09,910 - 
Ljung-Box Test Results:
2024-11-02 05:45:09,917 -       lb_stat  lb_pvalue
10  22.398743   0.013197
20  38.979908   0.006706
30  57.836374   0.001669
