2024-11-02 08:03:52,787 [INFO] Running with parameters:
2024-11-02 08:03:52,788 [INFO] task_dir: D:\StatisticalMachineLearning\pythonProject1\Final_Project_StatisticalML\data
2024-11-02 08:03:52,788 [INFO] dataset: booking_images
2024-11-02 08:03:52,788 [INFO] num_features: ['price', 'review_count', 'Comfort', 'Cleanliness', 'Facilities']
2024-11-02 08:03:52,789 [INFO] cat_features: ['star', 'Pool', 'No_smoking_room', 'Families_room', 'Room_service', 'Free_parking', 'Breakfast', '24h_front_desk', 'Airport_shuttle']
2024-11-02 08:03:52,789 [INFO] load_model: None
2024-11-02 08:03:52,799 [INFO] n_splits: 5
2024-11-02 08:03:52,799 [INFO] output_dir: results
2024-11-02 08:03:52,801 [INFO] random_state: 42
2024-11-02 08:03:52,801 [INFO] min_clusters: 2
2024-11-02 08:03:52,801 [INFO] max_clusters: 11
2024-11-02 08:03:52,801 [INFO] eps_range: [0.1, 2.1, 0.1]
2024-11-02 08:03:52,801 [INFO] min_samples_range: [3, 11]
2024-11-02 08:03:52,802 [INFO] Initializing data loader...
2024-11-02 08:03:52,818 [INFO] Visualizing initial data distributions...
2024-11-02 08:03:53,809 [INFO] 
Running KMEANS clustering with 5-fold CV...
2024-11-02 08:03:53,810 [INFO] 
Fold 1/5
2024-11-02 08:03:53,811 [INFO] Finding optimal number of clusters for KMeans...
2024-11-02 08:03:53,957 [INFO] silhouette: 0.1836
2024-11-02 08:03:53,978 [INFO] silhouette: 0.1584
2024-11-02 08:03:54,001 [INFO] silhouette: 0.1534
2024-11-02 08:03:54,023 [INFO] silhouette: 0.1474
2024-11-02 08:03:54,045 [INFO] silhouette: 0.1628
2024-11-02 08:03:54,067 [INFO] silhouette: 0.1740
2024-11-02 08:03:54,088 [INFO] silhouette: 0.1756
2024-11-02 08:03:54,108 [INFO] silhouette: 0.1910
2024-11-02 08:03:54,130 [INFO] silhouette: 0.2016
2024-11-02 08:03:54,361 [INFO] Optimal number of clusters: 10
2024-11-02 08:03:54,361 [INFO] Training final kmeans model with params: {'n_clusters': 10}
2024-11-02 08:03:54,380 [INFO] silhouette: 0.2016
2024-11-02 08:03:54,381 [INFO] inertia: 6384.0496
2024-11-02 08:03:54,381 [INFO] 
Best KMeans Results:
2024-11-02 08:03:54,382 [INFO] Number of clusters: 10
2024-11-02 08:03:54,382 [INFO] Inertia: 6384.0496
2024-11-02 08:03:54,382 [INFO] Silhouette score: 0.2016
2024-11-02 08:03:54,387 [INFO] silhouette: 0.1955
2024-11-02 08:03:54,387 [INFO] inertia: 6384.0496
2024-11-02 08:03:54,389 [INFO] Saved best model to models/kmeans_best_model_20241102_080352.joblib
2024-11-02 08:03:54,390 [INFO] 
Fold 2/5
2024-11-02 08:03:54,392 [INFO] Finding optimal number of clusters for KMeans...
2024-11-02 08:03:54,413 [INFO] silhouette: 0.1794
2024-11-02 08:03:54,436 [INFO] silhouette: 0.1590
2024-11-02 08:03:54,455 [INFO] silhouette: 0.1533
2024-11-02 08:03:54,479 [INFO] silhouette: 0.1691
2024-11-02 08:03:54,503 [INFO] silhouette: 0.1589
2024-11-02 08:03:54,526 [INFO] silhouette: 0.1742
2024-11-02 08:03:54,548 [INFO] silhouette: 0.1636
2024-11-02 08:03:54,576 [INFO] silhouette: 0.1813
2024-11-02 08:03:54,606 [INFO] silhouette: 0.1911
2024-11-02 08:03:54,855 [INFO] Optimal number of clusters: 10
2024-11-02 08:03:54,855 [INFO] Training final kmeans model with params: {'n_clusters': 10}
2024-11-02 08:03:54,875 [INFO] silhouette: 0.1911
2024-11-02 08:03:54,875 [INFO] inertia: 6271.5838
2024-11-02 08:03:54,875 [INFO] 
Best KMeans Results:
2024-11-02 08:03:54,876 [INFO] Number of clusters: 10
2024-11-02 08:03:54,876 [INFO] Inertia: 6271.5838
2024-11-02 08:03:54,876 [INFO] Silhouette score: 0.1911
2024-11-02 08:03:54,880 [INFO] silhouette: 0.1978
2024-11-02 08:03:54,881 [INFO] inertia: 6271.5838
2024-11-02 08:03:54,883 [INFO] Saved best model to models/kmeans_best_model_20241102_080352.joblib
2024-11-02 08:03:54,884 [INFO] 
Fold 3/5
2024-11-02 08:03:54,885 [INFO] Finding optimal number of clusters for KMeans...
2024-11-02 08:03:54,907 [INFO] silhouette: 0.1843
2024-11-02 08:03:54,928 [INFO] silhouette: 0.1294
2024-11-02 08:03:54,947 [INFO] silhouette: 0.1515
2024-11-02 08:03:54,967 [INFO] silhouette: 0.1656
2024-11-02 08:03:54,988 [INFO] silhouette: 0.1590
2024-11-02 08:03:55,010 [INFO] silhouette: 0.1637
2024-11-02 08:03:55,035 [INFO] silhouette: 0.1733
2024-11-02 08:03:55,059 [INFO] silhouette: 0.1806
2024-11-02 08:03:55,079 [INFO] silhouette: 0.1891
2024-11-02 08:03:55,327 [INFO] Optimal number of clusters: 10
2024-11-02 08:03:55,328 [INFO] Training final kmeans model with params: {'n_clusters': 10}
2024-11-02 08:03:55,348 [INFO] silhouette: 0.1891
2024-11-02 08:03:55,348 [INFO] inertia: 6235.5197
2024-11-02 08:03:55,348 [INFO] 
Best KMeans Results:
2024-11-02 08:03:55,349 [INFO] Number of clusters: 10
2024-11-02 08:03:55,349 [INFO] Inertia: 6235.5197
2024-11-02 08:03:55,349 [INFO] Silhouette score: 0.1891
2024-11-02 08:03:55,355 [INFO] silhouette: 0.1759
2024-11-02 08:03:55,356 [INFO] inertia: 6235.5197
2024-11-02 08:03:55,356 [INFO] 
Fold 4/5
2024-11-02 08:03:55,356 [INFO] Finding optimal number of clusters for KMeans...
2024-11-02 08:03:55,378 [INFO] silhouette: 0.1852
2024-11-02 08:03:55,399 [INFO] silhouette: 0.1444
2024-11-02 08:03:55,419 [INFO] silhouette: 0.1477
2024-11-02 08:03:55,439 [INFO] silhouette: 0.1540
2024-11-02 08:03:55,461 [INFO] silhouette: 0.1622
2024-11-02 08:03:55,484 [INFO] silhouette: 0.1823
2024-11-02 08:03:55,506 [INFO] silhouette: 0.1821
2024-11-02 08:03:55,526 [INFO] silhouette: 0.1902
2024-11-02 08:03:55,553 [INFO] silhouette: 0.2012
2024-11-02 08:03:55,794 [INFO] Optimal number of clusters: 10
2024-11-02 08:03:55,795 [INFO] Training final kmeans model with params: {'n_clusters': 10}
2024-11-02 08:03:55,814 [INFO] silhouette: 0.2012
2024-11-02 08:03:55,815 [INFO] inertia: 6492.2927
2024-11-02 08:03:55,815 [INFO] 
Best KMeans Results:
2024-11-02 08:03:55,815 [INFO] Number of clusters: 10
2024-11-02 08:03:55,816 [INFO] Inertia: 6492.2927
2024-11-02 08:03:55,816 [INFO] Silhouette score: 0.2012
2024-11-02 08:03:55,821 [INFO] silhouette: 0.2141
2024-11-02 08:03:55,821 [INFO] inertia: 6492.2927
2024-11-02 08:03:55,823 [INFO] Saved best model to models/kmeans_best_model_20241102_080352.joblib
2024-11-02 08:03:55,823 [INFO] 
Fold 5/5
2024-11-02 08:03:55,824 [INFO] Finding optimal number of clusters for KMeans...
2024-11-02 08:03:55,846 [INFO] silhouette: 0.1842
2024-11-02 08:03:55,870 [INFO] silhouette: 0.1774
2024-11-02 08:03:55,890 [INFO] silhouette: 0.1817
2024-11-02 08:03:55,911 [INFO] silhouette: 0.1977
2024-11-02 08:03:55,930 [INFO] silhouette: 0.1744
2024-11-02 08:03:55,950 [INFO] silhouette: 0.1776
2024-11-02 08:03:55,972 [INFO] silhouette: 0.1746
2024-11-02 08:03:55,991 [INFO] silhouette: 0.1719
2024-11-02 08:03:56,012 [INFO] silhouette: 0.1982
2024-11-02 08:03:56,304 [INFO] Optimal number of clusters: 10
2024-11-02 08:03:56,305 [INFO] Training final kmeans model with params: {'n_clusters': 10}
2024-11-02 08:03:56,325 [INFO] silhouette: 0.1982
2024-11-02 08:03:56,325 [INFO] inertia: 6303.6088
2024-11-02 08:03:56,326 [INFO] 
Best KMeans Results:
2024-11-02 08:03:56,326 [INFO] Number of clusters: 10
2024-11-02 08:03:56,326 [INFO] Inertia: 6303.6088
2024-11-02 08:03:56,326 [INFO] Silhouette score: 0.1982
2024-11-02 08:03:56,331 [INFO] silhouette: 0.1842
2024-11-02 08:03:56,331 [INFO] inertia: 6303.6088
2024-11-02 08:03:56,534 [INFO] 
Evaluating best kmeans model on test set...
2024-11-02 08:03:56,590 [INFO] silhouette: 0.2039
2024-11-02 08:03:56,590 [INFO] inertia: 6492.2927
2024-11-02 08:03:57,802 [INFO] Created TSNE visualization for kmeans
2024-11-02 08:03:58,081 [INFO] Created PCA visualization for kmeans
2024-11-02 08:03:58,081 [INFO] 
Running DBSCAN clustering with 5-fold CV...
2024-11-02 08:03:58,082 [INFO] 
Fold 1/5
2024-11-02 08:03:58,083 [INFO] Finding optimal parameters for DBSCAN...
2024-11-02 08:03:58,106 [INFO] silhouette: 0.5276
2024-11-02 08:03:58,127 [INFO] silhouette: 0.5036
2024-11-02 08:03:58,147 [INFO] silhouette: 0.4294
2024-11-02 08:03:58,170 [INFO] silhouette: 0.2714
2024-11-02 08:03:58,191 [INFO] silhouette: 0.1274
2024-11-02 08:03:58,212 [INFO] silhouette: -0.0050
2024-11-02 08:03:58,235 [INFO] silhouette: -0.0160
2024-11-02 08:03:58,257 [INFO] silhouette: 0.0085
2024-11-02 08:03:58,280 [INFO] silhouette: 0.5308
2024-11-02 08:03:58,304 [INFO] silhouette: 0.5069
2024-11-02 08:03:58,326 [INFO] silhouette: 0.4326
2024-11-02 08:03:58,348 [INFO] silhouette: 0.2749
2024-11-02 08:03:58,374 [INFO] silhouette: 0.1425
2024-11-02 08:03:58,395 [INFO] silhouette: 0.0027
2024-11-02 08:03:58,418 [INFO] silhouette: -0.0160
2024-11-02 08:03:58,441 [INFO] silhouette: 0.0085
2024-11-02 08:03:58,464 [INFO] silhouette: 0.5322
2024-11-02 08:03:58,491 [INFO] silhouette: 0.5139
2024-11-02 08:03:58,517 [INFO] silhouette: 0.4326
2024-11-02 08:03:58,542 [INFO] silhouette: 0.2749
2024-11-02 08:03:58,565 [INFO] silhouette: 0.1425
2024-11-02 08:03:58,589 [INFO] silhouette: 0.0027
2024-11-02 08:03:58,612 [INFO] silhouette: -0.0160
2024-11-02 08:03:58,638 [INFO] silhouette: 0.0085
2024-11-02 08:03:58,662 [INFO] silhouette: 0.5336
2024-11-02 08:03:58,689 [INFO] silhouette: 0.5198
2024-11-02 08:03:58,713 [INFO] silhouette: 0.4326
2024-11-02 08:03:58,740 [INFO] silhouette: 0.2749
2024-11-02 08:03:58,765 [INFO] silhouette: 0.1425
2024-11-02 08:03:58,792 [INFO] silhouette: 0.0027
2024-11-02 08:03:58,819 [INFO] silhouette: -0.0160
2024-11-02 08:03:58,844 [INFO] silhouette: 0.0085
2024-11-02 08:03:58,871 [INFO] silhouette: 0.5415
2024-11-02 08:03:58,896 [INFO] silhouette: 0.5226
2024-11-02 08:03:58,923 [INFO] silhouette: 0.4355
2024-11-02 08:03:58,949 [INFO] silhouette: 0.2778
2024-11-02 08:03:58,975 [INFO] silhouette: 0.1454
2024-11-02 08:03:59,003 [INFO] silhouette: 0.0055
2024-11-02 08:03:59,030 [INFO] silhouette: -0.0132
2024-11-02 08:03:59,057 [INFO] silhouette: 0.0109
2024-11-02 08:03:59,083 [INFO] silhouette: 0.5404
2024-11-02 08:03:59,109 [INFO] silhouette: 0.5207
2024-11-02 08:03:59,136 [INFO] silhouette: 0.4409
2024-11-02 08:03:59,163 [INFO] silhouette: 0.2839
2024-11-02 08:03:59,192 [INFO] silhouette: 0.1515
2024-11-02 08:03:59,219 [INFO] silhouette: 0.0345
2024-11-02 08:03:59,245 [INFO] silhouette: -0.0004
2024-11-02 08:03:59,274 [INFO] silhouette: -0.0075
2024-11-02 08:03:59,302 [INFO] silhouette: 0.5306
2024-11-02 08:03:59,332 [INFO] silhouette: 0.5262
2024-11-02 08:03:59,360 [INFO] silhouette: 0.5044
2024-11-02 08:03:59,390 [INFO] silhouette: 0.4524
2024-11-02 08:03:59,418 [INFO] silhouette: 0.3942
2024-11-02 08:03:59,444 [INFO] silhouette: 0.3354
2024-11-02 08:03:59,472 [INFO] silhouette: 0.2828
2024-11-02 08:03:59,500 [INFO] silhouette: 0.2549
2024-11-02 08:03:59,528 [INFO] silhouette: 0.5434
2024-11-02 08:03:59,558 [INFO] silhouette: 0.5414
2024-11-02 08:03:59,587 [INFO] silhouette: 0.5193
2024-11-02 08:03:59,614 [INFO] silhouette: 0.4744
2024-11-02 08:03:59,645 [INFO] silhouette: 0.4261
2024-11-02 08:03:59,674 [INFO] silhouette: 0.3710
2024-11-02 08:03:59,704 [INFO] silhouette: 0.3113
2024-11-02 08:03:59,733 [INFO] silhouette: 0.2859
2024-11-02 08:03:59,761 [INFO] silhouette: 0.5317
2024-11-02 08:03:59,791 [INFO] silhouette: 0.5422
2024-11-02 08:03:59,822 [INFO] silhouette: 0.5227
2024-11-02 08:03:59,854 [INFO] silhouette: 0.4865
2024-11-02 08:03:59,884 [INFO] silhouette: 0.4426
2024-11-02 08:03:59,913 [INFO] silhouette: 0.3854
2024-11-02 08:03:59,943 [INFO] silhouette: 0.3355
2024-11-02 08:03:59,974 [INFO] silhouette: 0.3053
2024-11-02 08:04:00,006 [INFO] silhouette: 0.5196
2024-11-02 08:04:00,048 [INFO] silhouette: 0.5246
2024-11-02 08:04:00,079 [INFO] silhouette: 0.5041
2024-11-02 08:04:00,110 [INFO] silhouette: 0.4682
2024-11-02 08:04:00,141 [INFO] silhouette: 0.4401
2024-11-02 08:04:00,173 [INFO] silhouette: 0.3826
2024-11-02 08:04:00,205 [INFO] silhouette: 0.3366
2024-11-02 08:04:00,237 [INFO] silhouette: 0.3159
2024-11-02 08:04:00,268 [INFO] silhouette: 0.5144
2024-11-02 08:04:00,300 [INFO] silhouette: 0.5007
2024-11-02 08:04:00,330 [INFO] silhouette: 0.5062
2024-11-02 08:04:00,361 [INFO] silhouette: 0.4757
2024-11-02 08:04:00,394 [INFO] silhouette: 0.4481
2024-11-02 08:04:00,425 [INFO] silhouette: 0.4008
2024-11-02 08:04:00,457 [INFO] silhouette: 0.3469
2024-11-02 08:04:00,489 [INFO] silhouette: 0.3155
2024-11-02 08:04:00,522 [INFO] silhouette: 0.5182
2024-11-02 08:04:00,555 [INFO] silhouette: 0.5065
2024-11-02 08:04:00,588 [INFO] silhouette: 0.4930
2024-11-02 08:04:00,621 [INFO] silhouette: 0.4691
2024-11-02 08:04:00,656 [INFO] silhouette: 0.4512
2024-11-02 08:04:00,688 [INFO] silhouette: 0.4044
2024-11-02 08:04:00,722 [INFO] silhouette: 0.3512
2024-11-02 08:04:00,755 [INFO] silhouette: 0.3202
2024-11-02 08:04:00,788 [INFO] silhouette: 0.4829
2024-11-02 08:04:00,822 [INFO] silhouette: 0.4812
2024-11-02 08:04:00,856 [INFO] silhouette: 0.4878
2024-11-02 08:04:00,889 [INFO] silhouette: 0.4707
2024-11-02 08:04:00,922 [INFO] silhouette: 0.4304
2024-11-02 08:04:00,956 [INFO] silhouette: 0.3905
2024-11-02 08:04:00,991 [INFO] silhouette: 0.3548
2024-11-02 08:04:01,025 [INFO] silhouette: 0.3357
2024-11-02 08:04:01,058 [INFO] silhouette: 0.4655
2024-11-02 08:04:01,091 [INFO] silhouette: 0.4700
2024-11-02 08:04:01,124 [INFO] silhouette: 0.4808
2024-11-02 08:04:01,157 [INFO] silhouette: 0.4693
2024-11-02 08:04:01,191 [INFO] silhouette: 0.4356
2024-11-02 08:04:01,224 [INFO] silhouette: 0.3951
2024-11-02 08:04:01,257 [INFO] silhouette: 0.3771
2024-11-02 08:04:01,291 [INFO] silhouette: 0.3464
2024-11-02 08:04:01,325 [INFO] silhouette: 0.4379
2024-11-02 08:04:01,359 [INFO] silhouette: 0.4423
2024-11-02 08:04:01,394 [INFO] silhouette: 0.4347
2024-11-02 08:04:01,427 [INFO] silhouette: 0.4131
2024-11-02 08:04:01,460 [INFO] silhouette: 0.3962
2024-11-02 08:04:01,494 [INFO] silhouette: 0.3599
2024-11-02 08:04:01,528 [INFO] silhouette: 0.3378
2024-11-02 08:04:01,561 [INFO] silhouette: 0.3094
2024-11-02 08:04:01,595 [INFO] silhouette: 0.4402
2024-11-02 08:04:01,629 [INFO] silhouette: 0.4261
2024-11-02 08:04:01,664 [INFO] silhouette: 0.4190
2024-11-02 08:04:01,699 [INFO] silhouette: 0.4164
2024-11-02 08:04:01,734 [INFO] silhouette: 0.3852
2024-11-02 08:04:01,769 [INFO] silhouette: 0.3641
2024-11-02 08:04:01,804 [INFO] silhouette: 0.3448
2024-11-02 08:04:01,838 [INFO] silhouette: 0.3167
2024-11-02 08:04:01,875 [INFO] silhouette: 0.4426
2024-11-02 08:04:01,910 [INFO] silhouette: 0.4288
2024-11-02 08:04:01,944 [INFO] silhouette: 0.4161
2024-11-02 08:04:01,978 [INFO] silhouette: 0.3949
2024-11-02 08:04:02,012 [INFO] silhouette: 0.3827
2024-11-02 08:04:02,047 [INFO] silhouette: 0.3615
2024-11-02 08:04:02,081 [INFO] silhouette: 0.3436
2024-11-02 08:04:02,115 [INFO] silhouette: 0.3247
2024-11-02 08:04:02,151 [INFO] silhouette: 0.4474
2024-11-02 08:04:02,187 [INFO] silhouette: 0.4309
2024-11-02 08:04:02,223 [INFO] silhouette: 0.4215
2024-11-02 08:04:02,258 [INFO] silhouette: 0.3966
2024-11-02 08:04:02,292 [INFO] silhouette: 0.3668
2024-11-02 08:04:02,327 [INFO] silhouette: 0.3653
2024-11-02 08:04:02,361 [INFO] silhouette: 0.3305
2024-11-02 08:04:02,396 [INFO] silhouette: 0.3116
2024-11-02 08:04:02,431 [INFO] silhouette: 0.4313
2024-11-02 08:04:02,467 [INFO] silhouette: 0.4182
2024-11-02 08:04:02,504 [INFO] silhouette: 0.4059
2024-11-02 08:04:02,539 [INFO] silhouette: 0.3970
2024-11-02 08:04:02,574 [INFO] silhouette: 0.3552
2024-11-02 08:04:02,609 [INFO] silhouette: 0.3536
2024-11-02 08:04:02,647 [INFO] silhouette: 0.3265
2024-11-02 08:04:02,684 [INFO] silhouette: 0.2990
2024-11-02 08:04:02,720 [INFO] silhouette: 0.4278
2024-11-02 08:04:02,756 [INFO] silhouette: 0.4184
2024-11-02 08:04:02,791 [INFO] silhouette: 0.4091
2024-11-02 08:04:02,828 [INFO] silhouette: 0.4001
2024-11-02 08:04:02,900 [INFO] silhouette: 0.3614
2024-11-02 08:04:02,978 [INFO] silhouette: 0.3387
2024-11-02 08:04:03,019 [INFO] silhouette: 0.3119
2024-11-02 08:04:03,057 [INFO] silhouette: 0.2848
2024-11-02 08:04:03,336 [INFO] Optimal DBSCAN parameters: {'eps': 0.8, 'min_samples': 3}
2024-11-02 08:04:03,336 [INFO] Training final dbscan model with params: {'eps': 0.8, 'min_samples': 3}
2024-11-02 08:04:03,367 [INFO] silhouette: 0.5434
2024-11-02 08:04:03,367 [INFO] 
Best DBSCAN Results:
2024-11-02 08:04:03,368 [INFO] Epsilon: 0.80
2024-11-02 08:04:03,368 [INFO] Min samples: 3
2024-11-02 08:04:03,368 [INFO] Silhouette score: 0.5434
2024-11-02 08:04:03,374 [INFO] silhouette: 0.2201
2024-11-02 08:04:03,376 [INFO] Saved best model to models/dbscan_best_model_20241102_080352.joblib
2024-11-02 08:04:03,376 [INFO] 
Fold 2/5
2024-11-02 08:04:03,378 [INFO] Finding optimal parameters for DBSCAN...
2024-11-02 08:04:03,400 [INFO] silhouette: 0.5208
2024-11-02 08:04:03,423 [INFO] silhouette: 0.5046
2024-11-02 08:04:03,444 [INFO] silhouette: 0.4037
2024-11-02 08:04:03,465 [INFO] silhouette: 0.2624
2024-11-02 08:04:03,487 [INFO] silhouette: 0.1239
2024-11-02 08:04:03,509 [INFO] silhouette: 0.0223
2024-11-02 08:04:03,532 [INFO] silhouette: -0.0334
2024-11-02 08:04:03,557 [INFO] silhouette: -0.0039
2024-11-02 08:04:03,582 [INFO] silhouette: 0.5257
2024-11-02 08:04:03,608 [INFO] silhouette: 0.5098
2024-11-02 08:04:03,629 [INFO] silhouette: 0.4089
2024-11-02 08:04:03,656 [INFO] silhouette: 0.2812
2024-11-02 08:04:03,680 [INFO] silhouette: 0.1324
2024-11-02 08:04:03,704 [INFO] silhouette: 0.0223
2024-11-02 08:04:03,725 [INFO] silhouette: -0.0334
2024-11-02 08:04:03,748 [INFO] silhouette: -0.0039
2024-11-02 08:04:03,773 [INFO] silhouette: 0.5322
2024-11-02 08:04:03,794 [INFO] silhouette: 0.5163
2024-11-02 08:04:03,818 [INFO] silhouette: 0.4231
2024-11-02 08:04:03,841 [INFO] silhouette: 0.3004
2024-11-02 08:04:03,866 [INFO] silhouette: 0.1342
2024-11-02 08:04:03,892 [INFO] silhouette: 0.0241
2024-11-02 08:04:03,922 [INFO] silhouette: -0.0316
2024-11-02 08:04:03,947 [INFO] silhouette: -0.0021
2024-11-02 08:04:03,975 [INFO] silhouette: 0.5336
2024-11-02 08:04:04,002 [INFO] silhouette: 0.5177
2024-11-02 08:04:04,027 [INFO] silhouette: 0.4245
2024-11-02 08:04:04,054 [INFO] silhouette: 0.3091
2024-11-02 08:04:04,079 [INFO] silhouette: 0.1342
2024-11-02 08:04:04,105 [INFO] silhouette: 0.0241
2024-11-02 08:04:04,131 [INFO] silhouette: -0.0316
2024-11-02 08:04:04,158 [INFO] silhouette: -0.0021
2024-11-02 08:04:04,185 [INFO] silhouette: 0.5500
2024-11-02 08:04:04,210 [INFO] silhouette: 0.5194
2024-11-02 08:04:04,238 [INFO] silhouette: 0.4261
2024-11-02 08:04:04,263 [INFO] silhouette: 0.3107
2024-11-02 08:04:04,291 [INFO] silhouette: 0.1359
2024-11-02 08:04:04,317 [INFO] silhouette: 0.0257
2024-11-02 08:04:04,343 [INFO] silhouette: -0.0300
2024-11-02 08:04:04,373 [INFO] silhouette: -0.0007
2024-11-02 08:04:04,408 [INFO] silhouette: 0.5491
2024-11-02 08:04:04,442 [INFO] silhouette: 0.5223
2024-11-02 08:04:04,473 [INFO] silhouette: 0.4274
2024-11-02 08:04:04,501 [INFO] silhouette: 0.3104
2024-11-02 08:04:04,528 [INFO] silhouette: 0.1609
2024-11-02 08:04:04,556 [INFO] silhouette: 0.0539
2024-11-02 08:04:04,584 [INFO] silhouette: -0.0305
2024-11-02 08:04:04,611 [INFO] silhouette: -0.0320
2024-11-02 08:04:04,640 [INFO] silhouette: 0.5425
2024-11-02 08:04:04,670 [INFO] silhouette: 0.5229
2024-11-02 08:04:04,699 [INFO] silhouette: 0.4923
2024-11-02 08:04:04,727 [INFO] silhouette: 0.4400
2024-11-02 08:04:04,757 [INFO] silhouette: 0.3843
2024-11-02 08:04:04,785 [INFO] silhouette: 0.3129
2024-11-02 08:04:04,813 [INFO] silhouette: 0.2908
2024-11-02 08:04:04,842 [INFO] silhouette: 0.2526
2024-11-02 08:04:04,872 [INFO] silhouette: 0.5287
2024-11-02 08:04:04,903 [INFO] silhouette: 0.5368
2024-11-02 08:04:04,931 [INFO] silhouette: 0.5157
2024-11-02 08:04:04,960 [INFO] silhouette: 0.4670
2024-11-02 08:04:04,991 [INFO] silhouette: 0.4247
2024-11-02 08:04:05,023 [INFO] silhouette: 0.3377
2024-11-02 08:04:05,055 [INFO] silhouette: 0.3124
2024-11-02 08:04:05,086 [INFO] silhouette: 0.2700
2024-11-02 08:04:05,119 [INFO] silhouette: 0.5178
2024-11-02 08:04:05,153 [INFO] silhouette: 0.5028
2024-11-02 08:04:05,189 [INFO] silhouette: 0.4970
2024-11-02 08:04:05,223 [INFO] silhouette: 0.4538
2024-11-02 08:04:05,256 [INFO] silhouette: 0.4353
2024-11-02 08:04:05,288 [INFO] silhouette: 0.3704
2024-11-02 08:04:05,322 [INFO] silhouette: 0.3356
2024-11-02 08:04:05,356 [INFO] silhouette: 0.2979
2024-11-02 08:04:05,390 [INFO] silhouette: 0.5225
2024-11-02 08:04:05,422 [INFO] silhouette: 0.5062
2024-11-02 08:04:05,455 [INFO] silhouette: 0.4994
2024-11-02 08:04:05,485 [INFO] silhouette: 0.4561
2024-11-02 08:04:05,517 [INFO] silhouette: 0.4444
2024-11-02 08:04:05,547 [INFO] silhouette: 0.3937
2024-11-02 08:04:05,578 [INFO] silhouette: 0.3555
2024-11-02 08:04:05,609 [INFO] silhouette: 0.3082
2024-11-02 08:04:05,641 [INFO] silhouette: 0.5094
2024-11-02 08:04:05,674 [INFO] silhouette: 0.4931
2024-11-02 08:04:05,706 [INFO] silhouette: 0.4970
2024-11-02 08:04:05,738 [INFO] silhouette: 0.4570
2024-11-02 08:04:05,771 [INFO] silhouette: 0.4429
2024-11-02 08:04:05,804 [INFO] silhouette: 0.3931
2024-11-02 08:04:05,836 [INFO] silhouette: 0.3655
2024-11-02 08:04:05,868 [INFO] silhouette: 0.3183
2024-11-02 08:04:05,899 [INFO] silhouette: 0.5077
2024-11-02 08:04:05,930 [INFO] silhouette: 0.4947
2024-11-02 08:04:05,962 [INFO] silhouette: 0.4691
2024-11-02 08:04:05,995 [INFO] silhouette: 0.4298
2024-11-02 08:04:06,030 [INFO] silhouette: 0.4094
2024-11-02 08:04:06,062 [INFO] silhouette: 0.3731
2024-11-02 08:04:06,094 [INFO] silhouette: 0.3462
2024-11-02 08:04:06,126 [INFO] silhouette: 0.3250
2024-11-02 08:04:06,158 [INFO] silhouette: 0.5005
2024-11-02 08:04:06,191 [INFO] silhouette: 0.4853
2024-11-02 08:04:06,224 [INFO] silhouette: 0.4622
2024-11-02 08:04:06,256 [INFO] silhouette: 0.4311
2024-11-02 08:04:06,290 [INFO] silhouette: 0.4128
2024-11-02 08:04:06,322 [INFO] silhouette: 0.3893
2024-11-02 08:04:06,357 [INFO] silhouette: 0.3640
2024-11-02 08:04:06,390 [INFO] silhouette: 0.3264
2024-11-02 08:04:06,423 [INFO] silhouette: 0.4804
2024-11-02 08:04:06,457 [INFO] silhouette: 0.4626
2024-11-02 08:04:06,491 [INFO] silhouette: 0.4429
2024-11-02 08:04:06,524 [INFO] silhouette: 0.4153
2024-11-02 08:04:06,558 [INFO] silhouette: 0.3896
2024-11-02 08:04:06,591 [INFO] silhouette: 0.3588
2024-11-02 08:04:06,624 [INFO] silhouette: 0.3396
2024-11-02 08:04:06,658 [INFO] silhouette: 0.3160
2024-11-02 08:04:06,693 [INFO] silhouette: 0.4719
2024-11-02 08:04:06,726 [INFO] silhouette: 0.4526
2024-11-02 08:04:06,760 [INFO] silhouette: 0.4378
2024-11-02 08:04:06,792 [INFO] silhouette: 0.4017
2024-11-02 08:04:06,826 [INFO] silhouette: 0.3761
2024-11-02 08:04:06,859 [INFO] silhouette: 0.3694
2024-11-02 08:04:06,893 [INFO] silhouette: 0.3404
2024-11-02 08:04:06,927 [INFO] silhouette: 0.3169
2024-11-02 08:04:06,961 [INFO] silhouette: 0.4601
2024-11-02 08:04:06,993 [INFO] silhouette: 0.4428
2024-11-02 08:04:07,028 [INFO] silhouette: 0.4280
2024-11-02 08:04:07,062 [INFO] silhouette: 0.3918
2024-11-02 08:04:07,095 [INFO] silhouette: 0.3660
2024-11-02 08:04:07,129 [INFO] silhouette: 0.3442
2024-11-02 08:04:07,164 [INFO] silhouette: 0.3154
2024-11-02 08:04:07,197 [INFO] silhouette: 0.3052
2024-11-02 08:04:07,233 [INFO] silhouette: 0.4602
2024-11-02 08:04:07,269 [INFO] silhouette: 0.4458
2024-11-02 08:04:07,304 [INFO] silhouette: 0.4280
2024-11-02 08:04:07,340 [INFO] silhouette: 0.3918
2024-11-02 08:04:07,373 [INFO] silhouette: 0.3660
2024-11-02 08:04:07,410 [INFO] silhouette: 0.3442
2024-11-02 08:04:07,443 [INFO] silhouette: 0.3154
2024-11-02 08:04:07,478 [INFO] silhouette: 0.3052
2024-11-02 08:04:07,512 [INFO] silhouette: 0.4652
2024-11-02 08:04:07,548 [INFO] silhouette: 0.4483
2024-11-02 08:04:07,585 [INFO] silhouette: 0.4331
2024-11-02 08:04:07,622 [INFO] silhouette: 0.3930
2024-11-02 08:04:07,657 [INFO] silhouette: 0.3755
2024-11-02 08:04:07,692 [INFO] silhouette: 0.3458
2024-11-02 08:04:07,726 [INFO] silhouette: 0.3250
2024-11-02 08:04:07,761 [INFO] silhouette: 0.2950
2024-11-02 08:04:07,846 [INFO] silhouette: 0.4482
2024-11-02 08:04:07,909 [INFO] silhouette: 0.4252
2024-11-02 08:04:07,945 [INFO] silhouette: 0.4104
2024-11-02 08:04:07,979 [INFO] silhouette: 0.3711
2024-11-02 08:04:08,015 [INFO] silhouette: 0.3540
2024-11-02 08:04:08,051 [INFO] silhouette: 0.3280
2024-11-02 08:04:08,087 [INFO] silhouette: 0.3174
2024-11-02 08:04:08,123 [INFO] silhouette: 0.2961
2024-11-02 08:04:08,159 [INFO] silhouette: 0.4362
2024-11-02 08:04:08,195 [INFO] silhouette: 0.4161
2024-11-02 08:04:08,232 [INFO] silhouette: 0.4038
2024-11-02 08:04:08,268 [INFO] silhouette: 0.3592
2024-11-02 08:04:08,304 [INFO] silhouette: 0.3421
2024-11-02 08:04:08,340 [INFO] silhouette: 0.3164
2024-11-02 08:04:08,376 [INFO] silhouette: 0.3066
2024-11-02 08:04:08,411 [INFO] silhouette: 0.2854
2024-11-02 08:04:08,681 [INFO] Optimal DBSCAN parameters: {'eps': 0.5, 'min_samples': 3}
2024-11-02 08:04:08,681 [INFO] Training final dbscan model with params: {'eps': 0.5, 'min_samples': 3}
2024-11-02 08:04:08,707 [INFO] silhouette: 0.5500
2024-11-02 08:04:08,708 [INFO] 
Best DBSCAN Results:
2024-11-02 08:04:08,708 [INFO] Epsilon: 0.50
2024-11-02 08:04:08,708 [INFO] Min samples: 3
2024-11-02 08:04:08,709 [INFO] Silhouette score: 0.5500
2024-11-02 08:04:08,713 [INFO] silhouette: 0.0482
2024-11-02 08:04:08,714 [INFO] 
Fold 3/5
2024-11-02 08:04:08,715 [INFO] Finding optimal parameters for DBSCAN...
2024-11-02 08:04:08,739 [INFO] silhouette: 0.5431
2024-11-02 08:04:08,760 [INFO] silhouette: 0.5152
2024-11-02 08:04:08,780 [INFO] silhouette: 0.4064
2024-11-02 08:04:08,802 [INFO] silhouette: 0.2938
2024-11-02 08:04:08,824 [INFO] silhouette: 0.1386
2024-11-02 08:04:08,846 [INFO] silhouette: 0.0472
2024-11-02 08:04:08,868 [INFO] silhouette: -0.0212
2024-11-02 08:04:08,890 [INFO] silhouette: 0.0064
2024-11-02 08:04:08,912 [INFO] silhouette: 0.5480
2024-11-02 08:04:08,934 [INFO] silhouette: 0.5201
2024-11-02 08:04:08,956 [INFO] silhouette: 0.4119
2024-11-02 08:04:08,978 [INFO] silhouette: 0.3131
2024-11-02 08:04:08,999 [INFO] silhouette: 0.1406
2024-11-02 08:04:09,022 [INFO] silhouette: 0.0492
2024-11-02 08:04:09,044 [INFO] silhouette: -0.0192
2024-11-02 08:04:09,067 [INFO] silhouette: 0.0015
2024-11-02 08:04:09,091 [INFO] silhouette: 0.5528
2024-11-02 08:04:09,113 [INFO] silhouette: 0.5249
2024-11-02 08:04:09,137 [INFO] silhouette: 0.4167
2024-11-02 08:04:09,160 [INFO] silhouette: 0.3275
2024-11-02 08:04:09,184 [INFO] silhouette: 0.1443
2024-11-02 08:04:09,209 [INFO] silhouette: 0.0529
2024-11-02 08:04:09,235 [INFO] silhouette: -0.0128
2024-11-02 08:04:09,262 [INFO] silhouette: 0.0034
2024-11-02 08:04:09,289 [INFO] silhouette: 0.5543
2024-11-02 08:04:09,314 [INFO] silhouette: 0.5264
2024-11-02 08:04:09,341 [INFO] silhouette: 0.4182
2024-11-02 08:04:09,368 [INFO] silhouette: 0.3289
2024-11-02 08:04:09,394 [INFO] silhouette: 0.1503
2024-11-02 08:04:09,421 [INFO] silhouette: 0.0529
2024-11-02 08:04:09,446 [INFO] silhouette: -0.0128
2024-11-02 08:04:09,472 [INFO] silhouette: 0.0034
2024-11-02 08:04:09,497 [INFO] silhouette: 0.5700
2024-11-02 08:04:09,523 [INFO] silhouette: 0.5314
2024-11-02 08:04:09,549 [INFO] silhouette: 0.4182
2024-11-02 08:04:09,575 [INFO] silhouette: 0.3289
2024-11-02 08:04:09,602 [INFO] silhouette: 0.1503
2024-11-02 08:04:09,627 [INFO] silhouette: 0.0529
2024-11-02 08:04:09,656 [INFO] silhouette: -0.0128
2024-11-02 08:04:09,684 [INFO] silhouette: 0.0034
2024-11-02 08:04:09,712 [INFO] silhouette: 0.5685
2024-11-02 08:04:09,739 [INFO] silhouette: 0.5360
2024-11-02 08:04:09,767 [INFO] silhouette: 0.4342
2024-11-02 08:04:09,794 [INFO] silhouette: 0.3312
2024-11-02 08:04:09,823 [INFO] silhouette: 0.1701
2024-11-02 08:04:09,851 [INFO] silhouette: 0.0773
2024-11-02 08:04:09,878 [INFO] silhouette: -0.0034
2024-11-02 08:04:09,906 [INFO] silhouette: -0.0155
2024-11-02 08:04:09,933 [INFO] silhouette: 0.5440
2024-11-02 08:04:09,960 [INFO] silhouette: 0.5320
2024-11-02 08:04:09,988 [INFO] silhouette: 0.4979
2024-11-02 08:04:10,019 [INFO] silhouette: 0.4456
2024-11-02 08:04:10,047 [INFO] silhouette: 0.3840
2024-11-02 08:04:10,075 [INFO] silhouette: 0.3533
2024-11-02 08:04:10,104 [INFO] silhouette: 0.3110
2024-11-02 08:04:10,130 [INFO] silhouette: 0.2641
2024-11-02 08:04:10,160 [INFO] silhouette: 0.5598
2024-11-02 08:04:10,189 [INFO] silhouette: 0.5423
2024-11-02 08:04:10,220 [INFO] silhouette: 0.5224
2024-11-02 08:04:10,248 [INFO] silhouette: 0.4723
2024-11-02 08:04:10,278 [INFO] silhouette: 0.4277
2024-11-02 08:04:10,307 [INFO] silhouette: 0.3829
2024-11-02 08:04:10,337 [INFO] silhouette: 0.3398
2024-11-02 08:04:10,364 [INFO] silhouette: 0.2817
2024-11-02 08:04:10,394 [INFO] silhouette: 0.5485
2024-11-02 08:04:10,424 [INFO] silhouette: 0.5280
2024-11-02 08:04:10,455 [INFO] silhouette: 0.5068
2024-11-02 08:04:10,487 [INFO] silhouette: 0.4568
2024-11-02 08:04:10,517 [INFO] silhouette: 0.4285
2024-11-02 08:04:10,546 [INFO] silhouette: 0.4092
2024-11-02 08:04:10,576 [INFO] silhouette: 0.3556
2024-11-02 08:04:10,607 [INFO] silhouette: 0.3141
2024-11-02 08:04:10,638 [INFO] silhouette: 0.5516
2024-11-02 08:04:10,672 [INFO] silhouette: 0.5224
2024-11-02 08:04:10,702 [INFO] silhouette: 0.5145
2024-11-02 08:04:10,732 [INFO] silhouette: 0.4642
2024-11-02 08:04:10,763 [INFO] silhouette: 0.4439
2024-11-02 08:04:10,794 [INFO] silhouette: 0.4283
2024-11-02 08:04:10,824 [INFO] silhouette: 0.3646
2024-11-02 08:04:10,855 [INFO] silhouette: 0.3089
2024-11-02 08:04:10,888 [INFO] silhouette: 0.5335
2024-11-02 08:04:10,921 [INFO] silhouette: 0.5220
2024-11-02 08:04:10,953 [INFO] silhouette: 0.5137
2024-11-02 08:04:10,986 [INFO] silhouette: 0.4694
2024-11-02 08:04:11,016 [INFO] silhouette: 0.4420
2024-11-02 08:04:11,047 [INFO] silhouette: 0.4262
2024-11-02 08:04:11,077 [INFO] silhouette: 0.3648
2024-11-02 08:04:11,108 [INFO] silhouette: 0.3276
2024-11-02 08:04:11,140 [INFO] silhouette: 0.5221
2024-11-02 08:04:11,172 [INFO] silhouette: 0.4940
2024-11-02 08:04:11,206 [INFO] silhouette: 0.4866
2024-11-02 08:04:11,239 [INFO] silhouette: 0.4423
2024-11-02 08:04:11,272 [INFO] silhouette: 0.4146
2024-11-02 08:04:11,306 [INFO] silhouette: 0.4126
2024-11-02 08:04:11,338 [INFO] silhouette: 0.3769
2024-11-02 08:04:11,371 [INFO] silhouette: 0.3305
2024-11-02 08:04:11,404 [INFO] silhouette: 0.5108
2024-11-02 08:04:11,438 [INFO] silhouette: 0.4871
2024-11-02 08:04:11,470 [INFO] silhouette: 0.4824
2024-11-02 08:04:11,503 [INFO] silhouette: 0.4399
2024-11-02 08:04:11,536 [INFO] silhouette: 0.4126
2024-11-02 08:04:11,568 [INFO] silhouette: 0.4266
2024-11-02 08:04:11,601 [INFO] silhouette: 0.3838
2024-11-02 08:04:11,634 [INFO] silhouette: 0.3481
2024-11-02 08:04:11,667 [INFO] silhouette: 0.4909
2024-11-02 08:04:11,703 [INFO] silhouette: 0.4654
2024-11-02 08:04:11,737 [INFO] silhouette: 0.4637
2024-11-02 08:04:11,771 [INFO] silhouette: 0.4339
2024-11-02 08:04:11,804 [INFO] silhouette: 0.4012
2024-11-02 08:04:11,838 [INFO] silhouette: 0.4057
2024-11-02 08:04:11,873 [INFO] silhouette: 0.3634
2024-11-02 08:04:11,907 [INFO] silhouette: 0.3314
2024-11-02 08:04:11,942 [INFO] silhouette: 0.4743
2024-11-02 08:04:11,984 [INFO] silhouette: 0.4490
2024-11-02 08:04:12,019 [INFO] silhouette: 0.4476
2024-11-02 08:04:12,052 [INFO] silhouette: 0.4178
2024-11-02 08:04:12,086 [INFO] silhouette: 0.3873
2024-11-02 08:04:12,119 [INFO] silhouette: 0.3918
2024-11-02 08:04:12,155 [INFO] silhouette: 0.3513
2024-11-02 08:04:12,189 [INFO] silhouette: 0.3199
2024-11-02 08:04:12,224 [INFO] silhouette: 0.4743
2024-11-02 08:04:12,260 [INFO] silhouette: 0.4490
2024-11-02 08:04:12,294 [INFO] silhouette: 0.4475
2024-11-02 08:04:12,328 [INFO] silhouette: 0.4177
2024-11-02 08:04:12,362 [INFO] silhouette: 0.3872
2024-11-02 08:04:12,395 [INFO] silhouette: 0.3796
2024-11-02 08:04:12,427 [INFO] silhouette: 0.3395
2024-11-02 08:04:12,463 [INFO] silhouette: 0.3190
2024-11-02 08:04:12,508 [INFO] silhouette: 0.4733
2024-11-02 08:04:12,545 [INFO] silhouette: 0.4480
2024-11-02 08:04:12,581 [INFO] silhouette: 0.4434
2024-11-02 08:04:12,613 [INFO] silhouette: 0.4137
2024-11-02 08:04:12,648 [INFO] silhouette: 0.3834
2024-11-02 08:04:12,684 [INFO] silhouette: 0.3758
2024-11-02 08:04:12,719 [INFO] silhouette: 0.3356
2024-11-02 08:04:12,755 [INFO] silhouette: 0.3248
2024-11-02 08:04:12,790 [INFO] silhouette: 0.4789
2024-11-02 08:04:12,827 [INFO] silhouette: 0.4505
2024-11-02 08:04:12,863 [INFO] silhouette: 0.4459
2024-11-02 08:04:12,897 [INFO] silhouette: 0.4157
2024-11-02 08:04:12,931 [INFO] silhouette: 0.3855
2024-11-02 08:04:12,964 [INFO] silhouette: 0.3778
2024-11-02 08:04:12,999 [INFO] silhouette: 0.3567
2024-11-02 08:04:13,036 [INFO] silhouette: 0.3246
2024-11-02 08:04:13,071 [INFO] silhouette: 0.4829
2024-11-02 08:04:13,106 [INFO] silhouette: 0.4606
2024-11-02 08:04:13,142 [INFO] silhouette: 0.4486
2024-11-02 08:04:13,177 [INFO] silhouette: 0.4268
2024-11-02 08:04:13,212 [INFO] silhouette: 0.3948
2024-11-02 08:04:13,247 [INFO] silhouette: 0.3808
2024-11-02 08:04:13,283 [INFO] silhouette: 0.3597
2024-11-02 08:04:13,321 [INFO] silhouette: 0.3266
2024-11-02 08:04:13,357 [INFO] silhouette: 0.4621
2024-11-02 08:04:13,392 [INFO] silhouette: 0.4408
2024-11-02 08:04:13,429 [INFO] silhouette: 0.4329
2024-11-02 08:04:13,463 [INFO] silhouette: 0.4114
2024-11-02 08:04:13,499 [INFO] silhouette: 0.3832
2024-11-02 08:04:13,535 [INFO] silhouette: 0.3652
2024-11-02 08:04:13,572 [INFO] silhouette: 0.3450
2024-11-02 08:04:13,608 [INFO] silhouette: 0.3204
2024-11-02 08:04:13,899 [INFO] Optimal DBSCAN parameters: {'eps': 0.5, 'min_samples': 3}
2024-11-02 08:04:13,900 [INFO] Training final dbscan model with params: {'eps': 0.5, 'min_samples': 3}
2024-11-02 08:04:13,924 [INFO] silhouette: 0.5700
2024-11-02 08:04:13,925 [INFO] 
Best DBSCAN Results:
2024-11-02 08:04:13,925 [INFO] Epsilon: 0.50
2024-11-02 08:04:13,925 [INFO] Min samples: 3
2024-11-02 08:04:13,925 [INFO] Silhouette score: 0.5700
2024-11-02 08:04:13,930 [INFO] silhouette: 0.0531
2024-11-02 08:04:13,930 [INFO] 
Fold 4/5
2024-11-02 08:04:13,934 [INFO] Finding optimal parameters for DBSCAN...
2024-11-02 08:04:13,959 [INFO] silhouette: 0.5018
2024-11-02 08:04:13,979 [INFO] silhouette: 0.4823
2024-11-02 08:04:14,003 [INFO] silhouette: 0.4073
2024-11-02 08:04:14,025 [INFO] silhouette: 0.2279
2024-11-02 08:04:14,046 [INFO] silhouette: 0.0800
2024-11-02 08:04:14,138 [INFO] silhouette: -0.0158
2024-11-02 08:04:14,177 [INFO] silhouette: -0.0314
2024-11-02 08:04:14,199 [INFO] silhouette: -0.0063
2024-11-02 08:04:14,222 [INFO] silhouette: 0.5035
2024-11-02 08:04:14,244 [INFO] silhouette: 0.4840
2024-11-02 08:04:14,266 [INFO] silhouette: 0.4090
2024-11-02 08:04:14,290 [INFO] silhouette: 0.2335
2024-11-02 08:04:14,311 [INFO] silhouette: 0.0800
2024-11-02 08:04:14,334 [INFO] silhouette: -0.0158
2024-11-02 08:04:14,358 [INFO] silhouette: -0.0314
2024-11-02 08:04:14,381 [INFO] silhouette: -0.0063
2024-11-02 08:04:14,405 [INFO] silhouette: 0.5099
2024-11-02 08:04:14,428 [INFO] silhouette: 0.4904
2024-11-02 08:04:14,453 [INFO] silhouette: 0.4155
2024-11-02 08:04:14,480 [INFO] silhouette: 0.2494
2024-11-02 08:04:14,507 [INFO] silhouette: 0.1024
2024-11-02 08:04:14,532 [INFO] silhouette: -0.0140
2024-11-02 08:04:14,557 [INFO] silhouette: -0.0296
2024-11-02 08:04:14,582 [INFO] silhouette: -0.0045
2024-11-02 08:04:14,608 [INFO] silhouette: 0.5113
2024-11-02 08:04:14,635 [INFO] silhouette: 0.4918
2024-11-02 08:04:14,662 [INFO] silhouette: 0.4169
2024-11-02 08:04:14,690 [INFO] silhouette: 0.2509
2024-11-02 08:04:14,715 [INFO] silhouette: 0.1073
2024-11-02 08:04:14,750 [INFO] silhouette: -0.0140
2024-11-02 08:04:14,779 [INFO] silhouette: -0.0296
2024-11-02 08:04:14,812 [INFO] silhouette: -0.0045
2024-11-02 08:04:14,840 [INFO] silhouette: 0.5248
2024-11-02 08:04:14,867 [INFO] silhouette: 0.4998
2024-11-02 08:04:14,892 [INFO] silhouette: 0.4197
2024-11-02 08:04:14,921 [INFO] silhouette: 0.2538
2024-11-02 08:04:14,948 [INFO] silhouette: 0.1102
2024-11-02 08:04:14,973 [INFO] silhouette: -0.0112
2024-11-02 08:04:15,000 [INFO] silhouette: -0.0268
2024-11-02 08:04:15,028 [INFO] silhouette: -0.0023
2024-11-02 08:04:15,056 [INFO] silhouette: 0.5246
2024-11-02 08:04:15,084 [INFO] silhouette: 0.4924
2024-11-02 08:04:15,111 [INFO] silhouette: 0.4173
2024-11-02 08:04:15,139 [INFO] silhouette: 0.2611
2024-11-02 08:04:15,167 [INFO] silhouette: 0.1291
2024-11-02 08:04:15,193 [INFO] silhouette: 0.0151
2024-11-02 08:04:15,222 [INFO] silhouette: -0.0275
2024-11-02 08:04:15,250 [INFO] silhouette: -0.0283
2024-11-02 08:04:15,278 [INFO] silhouette: 0.5263
2024-11-02 08:04:15,308 [INFO] silhouette: 0.4973
2024-11-02 08:04:15,340 [INFO] silhouette: 0.4721
2024-11-02 08:04:15,369 [INFO] silhouette: 0.4253
2024-11-02 08:04:15,395 [INFO] silhouette: 0.3584
2024-11-02 08:04:15,425 [INFO] silhouette: 0.3087
2024-11-02 08:04:15,454 [INFO] silhouette: 0.2438
2024-11-02 08:04:15,482 [INFO] silhouette: 0.2247
2024-11-02 08:04:15,511 [INFO] silhouette: 0.5376
2024-11-02 08:04:15,540 [INFO] silhouette: 0.5159
2024-11-02 08:04:15,571 [INFO] silhouette: 0.5029
2024-11-02 08:04:15,600 [INFO] silhouette: 0.4534
2024-11-02 08:04:15,629 [INFO] silhouette: 0.3986
2024-11-02 08:04:15,659 [INFO] silhouette: 0.3402
2024-11-02 08:04:15,689 [INFO] silhouette: 0.2682
2024-11-02 08:04:15,720 [INFO] silhouette: 0.2545
2024-11-02 08:04:15,750 [INFO] silhouette: 0.4975
2024-11-02 08:04:15,783 [INFO] silhouette: 0.5045
2024-11-02 08:04:15,817 [INFO] silhouette: 0.4915
2024-11-02 08:04:15,850 [INFO] silhouette: 0.4540
2024-11-02 08:04:15,886 [INFO] silhouette: 0.3985
2024-11-02 08:04:15,931 [INFO] silhouette: 0.3494
2024-11-02 08:04:15,972 [INFO] silhouette: 0.2942
2024-11-02 08:04:16,009 [INFO] silhouette: 0.2744
2024-11-02 08:04:16,040 [INFO] silhouette: 0.5028
2024-11-02 08:04:16,072 [INFO] silhouette: 0.5008
2024-11-02 08:04:16,106 [INFO] silhouette: 0.4925
2024-11-02 08:04:16,142 [INFO] silhouette: 0.4693
2024-11-02 08:04:16,182 [INFO] silhouette: 0.4170
2024-11-02 08:04:16,226 [INFO] silhouette: 0.3677
2024-11-02 08:04:16,264 [INFO] silhouette: 0.3034
2024-11-02 08:04:16,298 [INFO] silhouette: 0.2741
2024-11-02 08:04:16,332 [INFO] silhouette: 0.4953
2024-11-02 08:04:16,364 [INFO] silhouette: 0.4825
2024-11-02 08:04:16,395 [INFO] silhouette: 0.4938
2024-11-02 08:04:16,428 [INFO] silhouette: 0.4752
2024-11-02 08:04:16,459 [INFO] silhouette: 0.4164
2024-11-02 08:04:16,491 [INFO] silhouette: 0.3591
2024-11-02 08:04:16,522 [INFO] silhouette: 0.3160
2024-11-02 08:04:16,554 [INFO] silhouette: 0.2944
2024-11-02 08:04:16,588 [INFO] silhouette: 0.4966
2024-11-02 08:04:16,621 [INFO] silhouette: 0.4769
2024-11-02 08:04:16,656 [INFO] silhouette: 0.4834
2024-11-02 08:04:16,690 [INFO] silhouette: 0.4638
2024-11-02 08:04:16,722 [INFO] silhouette: 0.4065
2024-11-02 08:04:16,755 [INFO] silhouette: 0.3573
2024-11-02 08:04:16,788 [INFO] silhouette: 0.3244
2024-11-02 08:04:16,820 [INFO] silhouette: 0.3053
2024-11-02 08:04:16,853 [INFO] silhouette: 0.4771
2024-11-02 08:04:16,890 [INFO] silhouette: 0.4551
2024-11-02 08:04:16,923 [INFO] silhouette: 0.4439
2024-11-02 08:04:16,957 [INFO] silhouette: 0.4285
2024-11-02 08:04:16,989 [INFO] silhouette: 0.4217
2024-11-02 08:04:17,024 [INFO] silhouette: 0.3817
2024-11-02 08:04:17,059 [INFO] silhouette: 0.3519
2024-11-02 08:04:17,092 [INFO] silhouette: 0.3238
2024-11-02 08:04:17,126 [INFO] silhouette: 0.4413
2024-11-02 08:04:17,159 [INFO] silhouette: 0.4336
2024-11-02 08:04:17,194 [INFO] silhouette: 0.4251
2024-11-02 08:04:17,227 [INFO] silhouette: 0.4131
2024-11-02 08:04:17,261 [INFO] silhouette: 0.3929
2024-11-02 08:04:17,298 [INFO] silhouette: 0.3530
2024-11-02 08:04:17,332 [INFO] silhouette: 0.3116
2024-11-02 08:04:17,369 [INFO] silhouette: 0.2990
2024-11-02 08:04:17,404 [INFO] silhouette: 0.4439
2024-11-02 08:04:17,440 [INFO] silhouette: 0.4324
2024-11-02 08:04:17,474 [INFO] silhouette: 0.4243
2024-11-02 08:04:17,508 [INFO] silhouette: 0.4076
2024-11-02 08:04:17,541 [INFO] silhouette: 0.3727
2024-11-02 08:04:17,577 [INFO] silhouette: 0.3468
2024-11-02 08:04:17,611 [INFO] silhouette: 0.3054
2024-11-02 08:04:17,644 [INFO] silhouette: 0.2971
2024-11-02 08:04:17,680 [INFO] silhouette: 0.4466
2024-11-02 08:04:17,715 [INFO] silhouette: 0.4170
2024-11-02 08:04:17,750 [INFO] silhouette: 0.4270
2024-11-02 08:04:17,787 [INFO] silhouette: 0.4103
2024-11-02 08:04:17,821 [INFO] silhouette: 0.3754
2024-11-02 08:04:17,856 [INFO] silhouette: 0.3364
2024-11-02 08:04:17,893 [INFO] silhouette: 0.3075
2024-11-02 08:04:17,928 [INFO] silhouette: 0.3075
2024-11-02 08:04:17,966 [INFO] silhouette: 0.4475
2024-11-02 08:04:18,003 [INFO] silhouette: 0.4206
2024-11-02 08:04:18,038 [INFO] silhouette: 0.4093
2024-11-02 08:04:18,075 [INFO] silhouette: 0.4070
2024-11-02 08:04:18,109 [INFO] silhouette: 0.3721
2024-11-02 08:04:18,142 [INFO] silhouette: 0.3332
2024-11-02 08:04:18,177 [INFO] silhouette: 0.3042
2024-11-02 08:04:18,214 [INFO] silhouette: 0.3042
2024-11-02 08:04:18,252 [INFO] silhouette: 0.4486
2024-11-02 08:04:18,288 [INFO] silhouette: 0.4218
2024-11-02 08:04:18,323 [INFO] silhouette: 0.4107
2024-11-02 08:04:18,360 [INFO] silhouette: 0.3907
2024-11-02 08:04:18,395 [INFO] silhouette: 0.3795
2024-11-02 08:04:18,431 [INFO] silhouette: 0.3346
2024-11-02 08:04:18,468 [INFO] silhouette: 0.3045
2024-11-02 08:04:18,504 [INFO] silhouette: 0.2932
2024-11-02 08:04:18,540 [INFO] silhouette: 0.4343
2024-11-02 08:04:18,575 [INFO] silhouette: 0.4100
2024-11-02 08:04:18,611 [INFO] silhouette: 0.3961
2024-11-02 08:04:18,647 [INFO] silhouette: 0.3771
2024-11-02 08:04:18,683 [INFO] silhouette: 0.3655
2024-11-02 08:04:18,752 [INFO] silhouette: 0.3318
2024-11-02 08:04:18,835 [INFO] silhouette: 0.2905
2024-11-02 08:04:18,871 [INFO] silhouette: 0.2792
2024-11-02 08:04:18,907 [INFO] silhouette: 0.4332
2024-11-02 08:04:18,943 [INFO] silhouette: 0.4140
2024-11-02 08:04:18,979 [INFO] silhouette: 0.3981
2024-11-02 08:04:19,019 [INFO] silhouette: 0.3795
2024-11-02 08:04:19,056 [INFO] silhouette: 0.3541
2024-11-02 08:04:19,091 [INFO] silhouette: 0.3177
2024-11-02 08:04:19,132 [INFO] silhouette: 0.2761
2024-11-02 08:04:19,168 [INFO] silhouette: 0.2648
2024-11-02 08:04:19,457 [INFO] Optimal DBSCAN parameters: {'eps': 0.8, 'min_samples': 3}
2024-11-02 08:04:19,458 [INFO] Training final dbscan model with params: {'eps': 0.8, 'min_samples': 3}
2024-11-02 08:04:19,487 [INFO] silhouette: 0.5376
2024-11-02 08:04:19,487 [INFO] 
Best DBSCAN Results:
2024-11-02 08:04:19,488 [INFO] Epsilon: 0.80
2024-11-02 08:04:19,488 [INFO] Min samples: 3
2024-11-02 08:04:19,488 [INFO] Silhouette score: 0.5376
2024-11-02 08:04:19,493 [INFO] silhouette: 0.3911
2024-11-02 08:04:19,496 [INFO] Saved best model to models/dbscan_best_model_20241102_080352.joblib
2024-11-02 08:04:19,497 [INFO] 
Fold 5/5
2024-11-02 08:04:19,498 [INFO] Finding optimal parameters for DBSCAN...
2024-11-02 08:04:19,520 [INFO] silhouette: 0.5230
2024-11-02 08:04:19,541 [INFO] silhouette: 0.4995
2024-11-02 08:04:19,561 [INFO] silhouette: 0.4001
2024-11-02 08:04:19,584 [INFO] silhouette: 0.2953
2024-11-02 08:04:19,606 [INFO] silhouette: 0.0954
2024-11-02 08:04:19,627 [INFO] silhouette: 0.0027
2024-11-02 08:04:19,649 [INFO] silhouette: -0.0256
2024-11-02 08:04:19,672 [INFO] silhouette: 0.0236
2024-11-02 08:04:19,694 [INFO] silhouette: 0.5279
2024-11-02 08:04:19,718 [INFO] silhouette: 0.5044
2024-11-02 08:04:19,740 [INFO] silhouette: 0.4082
2024-11-02 08:04:19,762 [INFO] silhouette: 0.2988
2024-11-02 08:04:19,787 [INFO] silhouette: 0.1152
2024-11-02 08:04:19,810 [INFO] silhouette: 0.0027
2024-11-02 08:04:19,834 [INFO] silhouette: -0.0256
2024-11-02 08:04:19,856 [INFO] silhouette: 0.0236
2024-11-02 08:04:19,879 [INFO] silhouette: 0.5345
2024-11-02 08:04:19,904 [INFO] silhouette: 0.5164
2024-11-02 08:04:19,927 [INFO] silhouette: 0.4203
2024-11-02 08:04:19,952 [INFO] silhouette: 0.3023
2024-11-02 08:04:19,975 [INFO] silhouette: 0.1187
2024-11-02 08:04:20,001 [INFO] silhouette: 0.0065
2024-11-02 08:04:20,031 [INFO] silhouette: -0.0219
2024-11-02 08:04:20,056 [INFO] silhouette: 0.0208
2024-11-02 08:04:20,081 [INFO] silhouette: 0.5345
2024-11-02 08:04:20,106 [INFO] silhouette: 0.5164
2024-11-02 08:04:20,137 [INFO] silhouette: 0.4203
2024-11-02 08:04:20,163 [INFO] silhouette: 0.3023
2024-11-02 08:04:20,189 [INFO] silhouette: 0.1187
2024-11-02 08:04:20,215 [INFO] silhouette: 0.0065
2024-11-02 08:04:20,241 [INFO] silhouette: -0.0219
2024-11-02 08:04:20,270 [INFO] silhouette: 0.0208
2024-11-02 08:04:20,297 [INFO] silhouette: 0.5524
2024-11-02 08:04:20,323 [INFO] silhouette: 0.5193
2024-11-02 08:04:20,350 [INFO] silhouette: 0.4232
2024-11-02 08:04:20,377 [INFO] silhouette: 0.3052
2024-11-02 08:04:20,407 [INFO] silhouette: 0.1216
2024-11-02 08:04:20,434 [INFO] silhouette: 0.0092
2024-11-02 08:04:20,461 [INFO] silhouette: -0.0192
2024-11-02 08:04:20,491 [INFO] silhouette: -0.0032
2024-11-02 08:04:20,519 [INFO] silhouette: 0.5501
2024-11-02 08:04:20,558 [INFO] silhouette: 0.5260
2024-11-02 08:04:20,593 [INFO] silhouette: 0.4217
2024-11-02 08:04:20,624 [INFO] silhouette: 0.3102
2024-11-02 08:04:20,654 [INFO] silhouette: 0.1266
2024-11-02 08:04:20,682 [INFO] silhouette: 0.0149
2024-11-02 08:04:20,712 [INFO] silhouette: -0.0033
2024-11-02 08:04:20,741 [INFO] silhouette: -0.0101
2024-11-02 08:04:20,771 [INFO] silhouette: 0.5461
2024-11-02 08:04:20,801 [INFO] silhouette: 0.5194
2024-11-02 08:04:20,834 [INFO] silhouette: 0.4804
2024-11-02 08:04:20,864 [INFO] silhouette: 0.4138
2024-11-02 08:04:20,891 [INFO] silhouette: 0.3470
2024-11-02 08:04:20,922 [INFO] silhouette: 0.3208
2024-11-02 08:04:20,952 [INFO] silhouette: 0.3165
2024-11-02 08:04:20,984 [INFO] silhouette: 0.2706
2024-11-02 08:04:21,017 [INFO] silhouette: 0.5622
2024-11-02 08:04:21,044 [INFO] silhouette: 0.5328
2024-11-02 08:04:21,075 [INFO] silhouette: 0.4969
2024-11-02 08:04:21,104 [INFO] silhouette: 0.4386
2024-11-02 08:04:21,135 [INFO] silhouette: 0.3743
2024-11-02 08:04:21,167 [INFO] silhouette: 0.3511
2024-11-02 08:04:21,199 [INFO] silhouette: 0.3437
2024-11-02 08:04:21,231 [INFO] silhouette: 0.3026
2024-11-02 08:04:21,261 [INFO] silhouette: 0.5523
2024-11-02 08:04:21,293 [INFO] silhouette: 0.5267
2024-11-02 08:04:21,324 [INFO] silhouette: 0.5037
2024-11-02 08:04:21,355 [INFO] silhouette: 0.4398
2024-11-02 08:04:21,386 [INFO] silhouette: 0.3645
2024-11-02 08:04:21,421 [INFO] silhouette: 0.3474
2024-11-02 08:04:21,454 [INFO] silhouette: 0.3431
2024-11-02 08:04:21,485 [INFO] silhouette: 0.3065
2024-11-02 08:04:21,518 [INFO] silhouette: 0.5415
2024-11-02 08:04:21,550 [INFO] silhouette: 0.5160
2024-11-02 08:04:21,581 [INFO] silhouette: 0.5011
2024-11-02 08:04:21,612 [INFO] silhouette: 0.4489
2024-11-02 08:04:21,643 [INFO] silhouette: 0.3892
2024-11-02 08:04:21,675 [INFO] silhouette: 0.3734
2024-11-02 08:04:21,706 [INFO] silhouette: 0.3665
2024-11-02 08:04:21,739 [INFO] silhouette: 0.3221
2024-11-02 08:04:21,771 [INFO] silhouette: 0.5340
2024-11-02 08:04:21,804 [INFO] silhouette: 0.5089
2024-11-02 08:04:21,837 [INFO] silhouette: 0.5069
2024-11-02 08:04:21,870 [INFO] silhouette: 0.4590
2024-11-02 08:04:21,901 [INFO] silhouette: 0.4002
2024-11-02 08:04:21,935 [INFO] silhouette: 0.3943
2024-11-02 08:04:21,967 [INFO] silhouette: 0.3856
2024-11-02 08:04:22,000 [INFO] silhouette: 0.3396
2024-11-02 08:04:22,037 [INFO] silhouette: 0.5215
2024-11-02 08:04:22,071 [INFO] silhouette: 0.5002
2024-11-02 08:04:22,104 [INFO] silhouette: 0.4984
2024-11-02 08:04:22,137 [INFO] silhouette: 0.4472
2024-11-02 08:04:22,171 [INFO] silhouette: 0.4024
2024-11-02 08:04:22,204 [INFO] silhouette: 0.4024
2024-11-02 08:04:22,237 [INFO] silhouette: 0.3937
2024-11-02 08:04:22,272 [INFO] silhouette: 0.3568
2024-11-02 08:04:22,307 [INFO] silhouette: 0.5179
2024-11-02 08:04:22,341 [INFO] silhouette: 0.4969
2024-11-02 08:04:22,374 [INFO] silhouette: 0.4807
2024-11-02 08:04:22,408 [INFO] silhouette: 0.4389
2024-11-02 08:04:22,441 [INFO] silhouette: 0.4094
2024-11-02 08:04:22,475 [INFO] silhouette: 0.4086
2024-11-02 08:04:22,509 [INFO] silhouette: 0.4142
2024-11-02 08:04:22,544 [INFO] silhouette: 0.3888
2024-11-02 08:04:22,581 [INFO] silhouette: 0.4948
2024-11-02 08:04:22,614 [INFO] silhouette: 0.4712
2024-11-02 08:04:22,648 [INFO] silhouette: 0.4602
2024-11-02 08:04:22,682 [INFO] silhouette: 0.4138
2024-11-02 08:04:22,719 [INFO] silhouette: 0.3789
2024-11-02 08:04:22,755 [INFO] silhouette: 0.3781
2024-11-02 08:04:22,789 [INFO] silhouette: 0.3698
2024-11-02 08:04:22,825 [INFO] silhouette: 0.3564
2024-11-02 08:04:22,859 [INFO] silhouette: 0.4843
2024-11-02 08:04:22,893 [INFO] silhouette: 0.4689
2024-11-02 08:04:22,930 [INFO] silhouette: 0.4456
2024-11-02 08:04:22,964 [INFO] silhouette: 0.3995
2024-11-02 08:04:22,999 [INFO] silhouette: 0.3646
2024-11-02 08:04:23,033 [INFO] silhouette: 0.3646
2024-11-02 08:04:23,072 [INFO] silhouette: 0.3566
2024-11-02 08:04:23,106 [INFO] silhouette: 0.3343
2024-11-02 08:04:23,142 [INFO] silhouette: 0.4465
2024-11-02 08:04:23,180 [INFO] silhouette: 0.4339
2024-11-02 08:04:23,215 [INFO] silhouette: 0.4264
2024-11-02 08:04:23,252 [INFO] silhouette: 0.3852
2024-11-02 08:04:23,288 [INFO] silhouette: 0.3531
2024-11-02 08:04:23,327 [INFO] silhouette: 0.3531
2024-11-02 08:04:23,363 [INFO] silhouette: 0.3455
2024-11-02 08:04:23,402 [INFO] silhouette: 0.3368
2024-11-02 08:04:23,439 [INFO] silhouette: 0.4479
2024-11-02 08:04:23,474 [INFO] silhouette: 0.4312
2024-11-02 08:04:23,512 [INFO] silhouette: 0.4237
2024-11-02 08:04:23,548 [INFO] silhouette: 0.3829
2024-11-02 08:04:23,585 [INFO] silhouette: 0.3508
2024-11-02 08:04:23,621 [INFO] silhouette: 0.3508
2024-11-02 08:04:23,657 [INFO] silhouette: 0.3508
2024-11-02 08:04:23,694 [INFO] silhouette: 0.3416
2024-11-02 08:04:23,730 [INFO] silhouette: 0.4479
2024-11-02 08:04:23,767 [INFO] silhouette: 0.4312
2024-11-02 08:04:23,803 [INFO] silhouette: 0.4136
2024-11-02 08:04:23,839 [INFO] silhouette: 0.3829
2024-11-02 08:04:23,875 [INFO] silhouette: 0.3508
2024-11-02 08:04:23,914 [INFO] silhouette: 0.3508
2024-11-02 08:04:23,955 [INFO] silhouette: 0.3508
2024-11-02 08:04:23,990 [INFO] silhouette: 0.3287
2024-11-02 08:04:24,026 [INFO] silhouette: 0.4370
2024-11-02 08:04:24,064 [INFO] silhouette: 0.4238
2024-11-02 08:04:24,102 [INFO] silhouette: 0.4000
2024-11-02 08:04:24,138 [INFO] silhouette: 0.3773
2024-11-02 08:04:24,176 [INFO] silhouette: 0.3488
2024-11-02 08:04:24,217 [INFO] silhouette: 0.3402
2024-11-02 08:04:24,255 [INFO] silhouette: 0.3402
2024-11-02 08:04:24,296 [INFO] silhouette: 0.3298
2024-11-02 08:04:24,335 [INFO] silhouette: 0.4348
2024-11-02 08:04:24,371 [INFO] silhouette: 0.4254
2024-11-02 08:04:24,412 [INFO] silhouette: 0.4022
2024-11-02 08:04:24,453 [INFO] silhouette: 0.3672
2024-11-02 08:04:24,490 [INFO] silhouette: 0.3405
2024-11-02 08:04:24,525 [INFO] silhouette: 0.3319
2024-11-02 08:04:24,566 [INFO] silhouette: 0.3307
2024-11-02 08:04:24,603 [INFO] silhouette: 0.3207
2024-11-02 08:04:24,966 [INFO] Optimal DBSCAN parameters: {'eps': 0.8, 'min_samples': 3}
2024-11-02 08:04:24,967 [INFO] Training final dbscan model with params: {'eps': 0.8, 'min_samples': 3}
2024-11-02 08:04:24,996 [INFO] silhouette: 0.5622
2024-11-02 08:04:24,997 [INFO] 
Best DBSCAN Results:
2024-11-02 08:04:24,997 [INFO] Epsilon: 0.80
2024-11-02 08:04:24,998 [INFO] Min samples: 3
2024-11-02 08:04:24,998 [INFO] Silhouette score: 0.5622
2024-11-02 08:04:25,004 [INFO] silhouette: 0.3049
2024-11-02 08:04:25,162 [INFO] 
Evaluating best dbscan model on test set...
2024-11-02 08:04:25,168 [INFO] silhouette: 0.3582
2024-11-02 08:04:26,589 [INFO] Created TSNE visualization for dbscan
2024-11-02 08:04:26,891 [INFO] Created PCA visualization for dbscan
2024-11-02 08:04:26,893 [INFO] Saved results to results\clustering_results_20241102_080352.json
2024-11-02 08:04:26,894 [INFO] Saved kmeans model to models\kmeans_best_model_20241102_080352.joblib
2024-11-02 08:04:26,896 [INFO] Saved dbscan model to models\dbscan_best_model_20241102_080352.joblib
2024-11-02 08:04:26,896 [INFO] 
Final Results:
2024-11-02 08:04:26,897 [INFO] 
KMEANS:
2024-11-02 08:04:26,897 [INFO] Best CV Silhouette Score: 0.2141
2024-11-02 08:04:26,897 [INFO] Test Metrics:
2024-11-02 08:04:26,897 [INFO] silhouette: 0.2039
2024-11-02 08:04:26,898 [INFO] inertia: 6492.2927
2024-11-02 08:04:26,898 [INFO] 
DBSCAN:
2024-11-02 08:04:26,898 [INFO] Best CV Silhouette Score: 0.3911
2024-11-02 08:04:26,898 [INFO] Test Metrics:
2024-11-02 08:04:26,899 [INFO] silhouette: 0.3582
